# JRE version: OpenJDK Runtime Environment (8.0_212-b04) (build 1.8.0_212-release-1586-b04)
# Java VM: OpenJDK 64-Bit Server VM (25.212-b04 mixed mode windows-amd64 compressed oops)
Heap:
 PSYoungGen      total 20480K, used 7744K [0x00000000e0000000, 0x00000000e1d00000, 0x0000000100000000)
  eden space 16384K, 23% used [0x00000000e0000000,0x00000000e03b7c18,0x00000000e1000000)
  from space 4096K, 96% used [0x00000000e1600000,0x00000000e19d85e8,0x00000000e1a00000)
  to   space 3072K, 0% used [0x00000000e1a00000,0x00000000e1a00000,0x00000000e1d00000)
 ParOldGen       total 44032K, used 4462K [0x00000000a0000000, 0x00000000a2b00000, 0x00000000e0000000)
  object space 44032K, 10% used [0x00000000a0000000,0x00000000a045ba20,0x00000000a2b00000)
 Metaspace       used 14309K, capacity 14780K, committed 14976K, reserved 1062912K
  class space    used 1967K, capacity 2098K, committed 2176K, reserved 1048576K
GC Heap History (10 events):
Event: 36.111 GC heap before
{Heap before GC invocations=3 (full 0):
 PSYoungGen      total 18944K, used 18943K [0x00000000e0000000, 0x00000000e2500000, 0x0000000100000000)
  eden space 16384K, 100% used [0x00000000e0000000,0x00000000e1000000,0x00000000e1000000)
  from space 2560K, 99% used [0x00000000e2280000,0x00000000e24ffd68,0x00000000e2500000)
  to   space 2560K, 0% used [0x00000000e1000000,0x00000000e1000000,0x00000000e1280000)
 ParOldGen       total 44032K, used 553K [0x00000000a0000000, 0x00000000a2b00000, 0x00000000e0000000)
  object space 44032K, 1% used [0x00000000a0000000,0x00000000a008a780,0x00000000a2b00000)
 Metaspace       used 7160K, capacity 7468K, committed 7680K, reserved 1056768K
  class space    used 865K, capacity 944K, committed 1024K, reserved 1048576K
Event: 36.117 GC heap after
Heap after GC invocations=3 (full 0):
 PSYoungGen      total 18944K, used 2200K [0x00000000e0000000, 0x00000000e2300000, 0x0000000100000000)
  eden space 16384K, 0% used [0x00000000e0000000,0x00000000e0000000,0x00000000e1000000)
  from space 2560K, 85% used [0x00000000e1000000,0x00000000e1226370,0x00000000e1280000)
  to   space 2560K, 0% used [0x00000000e2080000,0x00000000e2080000,0x00000000e2300000)
 ParOldGen       total 44032K, used 561K [0x00000000a0000000, 0x00000000a2b00000, 0x00000000e0000000)
  object space 44032K, 1% used [0x00000000a0000000,0x00000000a008c780,0x00000000a2b00000)
 Metaspace       used 7160K, capacity 7468K, committed 7680K, reserved 1056768K
  class space    used 865K, capacity 944K, committed 1024K, reserved 1048576K
}
Event: 37.825 GC heap before
{Heap before GC invocations=4 (full 0):
 PSYoungGen      total 18944K, used 18584K [0x00000000e0000000, 0x00000000e2300000, 0x0000000100000000)
  eden space 16384K, 100% used [0x00000000e0000000,0x00000000e1000000,0x00000000e1000000)
  from space 2560K, 85% used [0x00000000e1000000,0x00000000e1226370,0x00000000e1280000)
  to   space 2560K, 0% used [0x00000000e2080000,0x00000000e2080000,0x00000000e2300000)
 ParOldGen       total 44032K, used 561K [0x00000000a0000000, 0x00000000a2b00000, 0x00000000e0000000)
  object space 44032K, 1% used [0x00000000a0000000,0x00000000a008c780,0x00000000a2b00000)
 Metaspace       used 7376K, capacity 7654K, committed 7936K, reserved 1056768K
  class space    used 908K, capacity 985K, committed 1024K, reserved 1048576K
Event: 37.837 GC heap after
Heap after GC invocations=4 (full 0):
 PSYoungGen      total 18944K, used 2528K [0x00000000e0000000, 0x00000000e2300000, 0x0000000100000000)
  eden space 16384K, 0% used [0x00000000e0000000,0x00000000e0000000,0x00000000e1000000)
  from space 2560K, 98% used [0x00000000e2080000,0x00000000e22f8020,0x00000000e2300000)
  to   space 2560K, 0% used [0x00000000e1000000,0x00000000e1000000,0x00000000e1280000)
 ParOldGen       total 44032K, used 1268K [0x00000000a0000000, 0x00000000a2b00000, 0x00000000e0000000)
  object space 44032K, 2% used [0x00000000a0000000,0x00000000a013d2f8,0x00000000a2b00000)
 Metaspace       used 7376K, capacity 7654K, committed 7936K, reserved 1056768K
  class space    used 908K, capacity 985K, committed 1024K, reserved 1048576K
}
Event: 40.867 GC heap before
{Heap before GC invocations=5 (full 0):
 PSYoungGen      total 18944K, used 18912K [0x00000000e0000000, 0x00000000e2300000, 0x0000000100000000)
  eden space 16384K, 100% used [0x00000000e0000000,0x00000000e1000000,0x00000000e1000000)
  from space 2560K, 98% used [0x00000000e2080000,0x00000000e22f8020,0x00000000e2300000)
  to   space 2560K, 0% used [0x00000000e1000000,0x00000000e1000000,0x00000000e1280000)
 ParOldGen       total 44032K, used 1268K [0x00000000a0000000, 0x00000000a2b00000, 0x00000000e0000000)
  object space 44032K, 2% used [0x00000000a0000000,0x00000000a013d2f8,0x00000000a2b00000)
 Metaspace       used 9374K, capacity 9722K, committed 9856K, reserved 1058816K
  class space    used 1231K, capacity 1329K, committed 1408K, reserved 1048576K
Event: 40.885 GC heap after
Heap after GC invocations=5 (full 0):
 PSYoungGen      total 18944K, used 2544K [0x00000000e0000000, 0x00000000e2100000, 0x0000000100000000)
  eden space 16384K, 0% used [0x00000000e0000000,0x00000000e0000000,0x00000000e1000000)
  from space 2560K, 99% used [0x00000000e1000000,0x00000000e127c050,0x00000000e1280000)
  to   space 4608K, 0% used [0x00000000e1c80000,0x00000000e1c80000,0x00000000e2100000)
 ParOldGen       total 44032K, used 2931K [0x00000000a0000000, 0x00000000a2b00000, 0x00000000e0000000)
  object space 44032K, 6% used [0x00000000a0000000,0x00000000a02dcc18,0x00000000a2b00000)
 Metaspace       used 9374K, capacity 9722K, committed 9856K, reserved 1058816K
  class space    used 1231K, capacity 1329K, committed 1408K, reserved 1048576K
}
Event: 47.668 GC heap before
{Heap before GC invocations=6 (full 0):
 PSYoungGen      total 18944K, used 18928K [0x00000000e0000000, 0x00000000e2100000, 0x0000000100000000)
  eden space 16384K, 100% used [0x00000000e0000000,0x00000000e1000000,0x00000000e1000000)
  from space 2560K, 99% used [0x00000000e1000000,0x00000000e127c050,0x00000000e1280000)
  to   space 4608K, 0% used [0x00000000e1c80000,0x00000000e1c80000,0x00000000e2100000)
 ParOldGen       total 44032K, used 2931K [0x00000000a0000000, 0x00000000a2b00000, 0x00000000e0000000)
  object space 44032K, 6% used [0x00000000a0000000,0x00000000a02dcc18,0x00000000a2b00000)
 Metaspace       used 12515K, capacity 12982K, committed 13184K, reserved 1060864K
  class space    used 1682K, capacity 1839K, committed 1920K, reserved 1048576K
Event: 47.686 GC heap after
Heap after GC invocations=6 (full 0):
 PSYoungGen      total 20992K, used 4596K [0x00000000e0000000, 0x00000000e2100000, 0x0000000100000000)
  eden space 16384K, 0% used [0x00000000e0000000,0x00000000e0000000,0x00000000e1000000)
  from space 4608K, 99% used [0x00000000e1c80000,0x00000000e20fd378,0x00000000e2100000)
  to   space 5632K, 0% used [0x00000000e1600000,0x00000000e1600000,0x00000000e1b80000)
 ParOldGen       total 44032K, used 3134K [0x00000000a0000000, 0x00000000a2b00000, 0x00000000e0000000)
  object space 44032K, 7% used [0x00000000a0000000,0x00000000a030f9b0,0x00000000a2b00000)
 Metaspace       used 12515K, capacity 12982K, committed 13184K, reserved 1060864K
  class space    used 1682K, capacity 1839K, committed 1920K, reserved 1048576K
}
Event: 51.655 GC heap before
{Heap before GC invocations=7 (full 0):
 PSYoungGen      total 20992K, used 20980K [0x00000000e0000000, 0x00000000e2100000, 0x0000000100000000)
  eden space 16384K, 100% used [0x00000000e0000000,0x00000000e1000000,0x00000000e1000000)
  from space 4608K, 99% used [0x00000000e1c80000,0x00000000e20fd378,0x00000000e2100000)
  to   space 5632K, 0% used [0x00000000e1600000,0x00000000e1600000,0x00000000e1b80000)
 ParOldGen       total 44032K, used 3134K [0x00000000a0000000, 0x00000000a2b00000, 0x00000000e0000000)
  object space 44032K, 7% used [0x00000000a0000000,0x00000000a030f9b0,0x00000000a2b00000)
 Metaspace       used 13973K, capacity 14460K, committed 14592K, reserved 1062912K
  class space    used 1899K, capacity 2034K, committed 2048K, reserved 1048576K
Event: 51.678 GC heap after
Heap after GC invocations=7 (full 0):
 PSYoungGen      total 20480K, used 3937K [0x00000000e0000000, 0x00000000e1d00000, 0x0000000100000000)
  eden space 16384K, 0% used [0x00000000e0000000,0x00000000e0000000,0x00000000e1000000)
  from space 4096K, 96% used [0x00000000e1600000,0x00000000e19d85e8,0x00000000e1a00000)
  to   space 3072K, 0% used [0x00000000e1a00000,0x00000000e1a00000,0x00000000e1d00000)
 ParOldGen       total 44032K, used 4462K [0x00000000a0000000, 0x00000000a2b00000, 0x00000000e0000000)
  object space 44032K, 10% used [0x00000000a0000000,0x00000000a045ba20,0x00000000a2b00000)
 Metaspace       used 13973K, capacity 14460K, committed 14592K, reserved 1062912K
  class space    used 1899K, capacity 2034K, committed 2048K, reserved 1048576K
}

